android/app/build/outputs/logs/manifest-merger-release-report.txt
-- Merging decision tree log ---
manifest
ADDED from src/main/AndroidManifest.xml:1:1-41:12
	package
		ADDED from src/main/AndroidManifest.xml:3:5-31
		INJECTED from src/main/AndroidManifest.xml
		INJECTED from src/main/AndroidManifest.xml
	android:versionName
		ADDED from src/main/AndroidManifest.xml:5:5-30
		INJECTED from src/main/AndroidManifest.xml
		INJECTED from src/main/AndroidManifest.xml
	xmlns:tools
		ADDED from src/main/AndroidManifest.xml:2:5-51
	android:versionCode
		ADDED from src/main/AndroidManifest.xml:4:5-28
		INJECTED from src/main/AndroidManifest.xml
		INJECTED from src/main/AndroidManifest.xml
	xmlns:android
		ADDED from src/main/AndroidManifest.xml:1:11-69
uses-permission#android.permission.INTERNET
ADDED from src/main/AndroidManifest.xml:7:5-67
	android:name
		ADDED from src/main/AndroidManifest.xml:7:22-64
uses-permission#android.permission.SYSTEM_ALERT_WINDOW
ADDED from src/main/AndroidManifest.xml:8:5-77
MERGED from [com.facebook.react:react-native:0.45.1] AndroidManifest.xml:11:5-78
	android:name
		ADDED from src/main/AndroidManifest.xml:8:22-75
uses-permission#android.permission.READ_PHONE_STATE
ADDED from src/main/AndroidManifest.xml:9:5-94
	tools:node
		ADDED from src/main/AndroidManifest.xml:9:73-92
	android:name
		ADDED from src/main/AndroidManifest.xml:9:22-72
uses-sdk
ADDED from src/main/AndroidManifest.xml:11:5-13:41
MERGED from [com.facebook.react:react-native:0.45.1] AndroidManifest.xml:7:5-9:41
MERGED from [com.android.support:appcompat-v7:23.0.1] AndroidManifest.xml:20:5-43
MERGED from [com.android.support:support-v4:23.0.1] AndroidManifest.xml:20:5-43
MERGED from [com.facebook.fbui.textlayoutbuilder:textlayoutbuilder:1.0.0] AndroidManifest.xml:14:5-16:41
MERGED from [com.facebook.fresco:fresco:1.0.1] AndroidManifest.xml:5:5-7:41
MERGED from [com.facebook.fresco:drawee:1.0.1] AndroidManifest.xml:5:5-7:41
MERGED from [com.facebook.fresco:imagepipeline-okhttp3:1.0.1] AndroidManifest.xml:5:5-7:41
MERGED from [com.facebook.fresco:imagepipeline:1.0.1] AndroidManifest.xml:5:5-7:41
MERGED from [com.facebook.fresco:imagepipeline-base:1.0.1] AndroidManifest.xml:5:5-7:41
MERGED from [com.facebook.fresco:fbcore:1.0.1] AndroidManifest.xml:5:5-7:41
MERGED from [com.facebook.soloader:soloader:0.1.0] AndroidManifest.xml:2:3-70
	android:targetSdkVersion
		ADDED from src/main/AndroidManifest.xml:13:9-38
		INJECTED from src/main/AndroidManifest.xml
		INJECTED from src/main/AndroidManifest.xml
	android:minSdkVersion
		ADDED from src/main/AndroidManifest.xml:12:9-35
		INJECTED from src/main/AndroidManifest.xml
		INJECTED from src/main/AndroidManifest.xml
application
ADDED from src/main/AndroidManifest.xml:15:5-39:19
MERGED from [com.facebook.react:react-native:0.45.1] AndroidManifest.xml:13:5-20
MERGED from [com.android.support:appcompat-v7:23.0.1] AndroidManifest.xml:22:5-20
MERGED from [com.android.support:support-v4:23.0.1] AndroidManifest.xml:22:5-20
MERGED from [com.facebook.soloader:soloader:0.1.0] AndroidManifest.xml:3:3-17
MERGED from [org.webkit:android-jsc:r174650] AndroidManifest.xml:2:3-17
	android:label
		ADDED from src/main/AndroidManifest.xml:18:7-39
	android:allowBackup
		ADDED from src/main/AndroidManifest.xml:17:7-33
	android:icon
		ADDED from src/main/AndroidManifest.xml:19:7-41
	android:theme
		ADDED from src/main/AndroidManifest.xml:20:7-38
	android:name
		ADDED from src/main/AndroidManifest.xml:16:7-38
activity#com.cadencecoach.SplashActivity
ADDED from src/main/AndroidManifest.xml:22:7-33:18
	android:screenOrientation
		ADDED from src/main/AndroidManifest.xml:25:11-47
	android:label
		ADDED from src/main/AndroidManifest.xml:24:9-41
	android:windowSoftInputMode
		ADDED from src/main/AndroidManifest.xml:27:9-51
	android:configChanges
		ADDED from src/main/AndroidManifest.xml:26:9-67
	android:theme
		ADDED from src/main/AndroidManifest.xml:28:11-45
	android:name
		ADDED from src/main/AndroidManifest.xml:23:9-39
intent-filter#android.intent.action.MAIN+android.intent.category.LAUNCHER
ADDED from src/main/AndroidManifest.xml:29:9-32:25
action#android.intent.action.MAIN
ADDED from src/main/AndroidManifest.xml:30:13-65
	android:name
		ADDED from src/main/AndroidManifest.xml:30:21-62
category#android.intent.category.LAUNCHER
ADDED from src/main/AndroidManifest.xml:31:13-73
	android:name
		ADDED from src/main/AndroidManifest.xml:31:23-70
activity#com.cadencecoach.MainActivity
ADDED from src/main/AndroidManifest.xml:35:9-37:74
	android:screenOrientation
		ADDED from src/main/AndroidManifest.xml:36:13-49
	android:configChanges
		ADDED from src/main/AndroidManifest.xml:37:13-71
	android:name
		ADDED from src/main/AndroidManifest.xml:35:19-47
activity#com.facebook.react.devsupport.DevSettingsActivity
ADDED from src/main/AndroidManifest.xml:38:7-84
	android:name
		ADDED from src/main/AndroidManifest.xml:38:17-81
android:uses-permission#android.permission.WRITE_EXTERNAL_STORAGE
IMPLIED from src/main/AndroidManifest.xml:1:1-41:12 reason: org.webkit.android_jsc has a targetSdkVersion < 4
android:uses-permission#android.permission.READ_EXTERNAL_STORAGE
IMPLIED from src/main/AndroidManifest.xml:1:1-41:12 reason: org.webkit.android_jsc requested WRITE_EXTERNAL_STORAGE